<?xml version="1.0" encoding="UTF-8"?>
<!-- Generated by org.testng.reporters.JUnitReportReporter -->
<testsuite hostname="GUDAYASHANKAR10A" failures="0" tests="3" name="testcases.Verify_CycleCountOrder_Imported_Successfully" time="107.287" errors="0" timestamp="2023-11-22T15:32:33 IST" skipped="0">
  <testcase classname="testcases.Verify_CycleCountOrder_Imported_Successfully" name="CycleCountOrder_import" time="28.920"/>
  <testcase classname="testcases.Verify_CycleCountOrder_Imported_Successfully" name="Verify_CycleCountOrder_Import_In_Interface_Import_Transactions" time="46.966"/>
  <testcase classname="testcases.Verify_CycleCountOrder_Imported_Successfully" name="Verify_CycleCountOrder_In_View_All_CycleCountOrders" time="31.401"/>
</testsuite> <!-- testcases.Verify_CycleCountOrder_Imported_Successfully -->
