<?xml version="1.0" encoding="UTF-8"?>
<!-- Generated by org.testng.reporters.JUnitReportReporter -->
<testsuite hostname="GUDAYASHANKAR10A" failures="0" tests="1" name="SanityNG.Ng" time="0.006" errors="0" timestamp="2023-07-05T13:35:28 IST" skipped="0">
  <testcase classname="SanityNG.Ng" name="TestNGTest" time="0.006"/>
</testsuite> <!-- SanityNG.Ng -->
