<?xml version="1.0" encoding="UTF-8"?>
<!-- Generated by org.testng.reporters.JUnitReportReporter -->
<testsuite hostname="GUDAYASHANKAR10A" failures="0" tests="3" name="testcases.Verify_PickOrder_Imported_Successfully" time="98.886" errors="0" timestamp="2023-11-21T15:13:17 IST" skipped="0">
  <testcase classname="testcases.Verify_PickOrder_Imported_Successfully" name="pickorder_import" time="32.859"/>
  <testcase classname="testcases.Verify_PickOrder_Imported_Successfully" name="Verify_Pick_Import_In_Interface_Import_Transactions" time="35.415"/>
  <testcase classname="testcases.Verify_PickOrder_Imported_Successfully" name="Verify_PickOrder_Import_In_View_All_PickOrders" time="30.612"/>
</testsuite> <!-- testcases.Verify_PickOrder_Imported_Successfully -->
